C:\USERS\GEORGE\DROPBOX\SPRING 2016\DATA STRUCTURES\LINEARHASH\LINEARHASH\DEBUG\MAIN.OBJ
C:\USERS\GEORGE\DROPBOX\SPRING 2016\DATA STRUCTURES\LINEARHASH\LINEARHASH\DEBUG\VC110.PDB
C:\USERS\GEORGE\DROPBOX\SPRING 2016\DATA STRUCTURES\LINEARHASH\LINEARHASH\DEBUG\LINEARHASH.OBJ
C:\USERS\GEORGE\DROPBOX\SPRING 2016\DATA STRUCTURES\LINEARHASH\LINEARHASH\DEBUG\LINEARHASH.ILK
C:\USERS\GEORGE\DROPBOX\SPRING 2016\DATA STRUCTURES\LINEARHASH\LINEARHASH\DEBUG\LINEARHASH.EXE
C:\USERS\GEORGE\DROPBOX\SPRING 2016\DATA STRUCTURES\LINEARHASH\LINEARHASH\DEBUG\LINEARHASH.PDB
C:\Users\George\Dropbox\Spring 2016\Data Structures\LinearHash\LinearHash\Debug\LinearHash.obj
C:\Users\George\Dropbox\Spring 2016\Data Structures\LinearHash\LinearHash\Debug\main.obj
C:\Users\George\Dropbox\Spring 2016\Data Structures\LinearHash\LinearHash\Debug\LinearHash.ilk
C:\Users\George\Dropbox\Spring 2016\Data Structures\LinearHash\LinearHash\Debug\cl.command.1.tlog
C:\Users\George\Dropbox\Spring 2016\Data Structures\LinearHash\LinearHash\Debug\CL.read.1.tlog
C:\Users\George\Dropbox\Spring 2016\Data Structures\LinearHash\LinearHash\Debug\CL.write.1.tlog
C:\Users\George\Dropbox\Spring 2016\Data Structures\LinearHash\LinearHash\Debug\link-cvtres.read.1.tlog
C:\Users\George\Dropbox\Spring 2016\Data Structures\LinearHash\LinearHash\Debug\link-cvtres.write.1.tlog
C:\Users\George\Dropbox\Spring 2016\Data Structures\LinearHash\LinearHash\Debug\link-rc.read.1.tlog
C:\Users\George\Dropbox\Spring 2016\Data Structures\LinearHash\LinearHash\Debug\link-rc.write.1.tlog
C:\Users\George\Dropbox\Spring 2016\Data Structures\LinearHash\LinearHash\Debug\link.1448-cvtres.read.1.tlog
C:\Users\George\Dropbox\Spring 2016\Data Structures\LinearHash\LinearHash\Debug\link.1448-cvtres.write.1.tlog
C:\Users\George\Dropbox\Spring 2016\Data Structures\LinearHash\LinearHash\Debug\link.1448-rc.read.1.tlog
C:\Users\George\Dropbox\Spring 2016\Data Structures\LinearHash\LinearHash\Debug\link.1448-rc.write.1.tlog
C:\Users\George\Dropbox\Spring 2016\Data Structures\LinearHash\LinearHash\Debug\link.1448.read.1.tlog
C:\Users\George\Dropbox\Spring 2016\Data Structures\LinearHash\LinearHash\Debug\link.1448.write.1.tlog
C:\Users\George\Dropbox\Spring 2016\Data Structures\LinearHash\LinearHash\Debug\link.156.read.1.tlog
C:\Users\George\Dropbox\Spring 2016\Data Structures\LinearHash\LinearHash\Debug\link.156.write.1.tlog
C:\Users\George\Dropbox\Spring 2016\Data Structures\LinearHash\LinearHash\Debug\link.2428-cvtres.read.1.tlog
C:\Users\George\Dropbox\Spring 2016\Data Structures\LinearHash\LinearHash\Debug\link.2428-cvtres.write.1.tlog
C:\Users\George\Dropbox\Spring 2016\Data Structures\LinearHash\LinearHash\Debug\link.2428-rc.read.1.tlog
C:\Users\George\Dropbox\Spring 2016\Data Structures\LinearHash\LinearHash\Debug\link.2428-rc.write.1.tlog
C:\Users\George\Dropbox\Spring 2016\Data Structures\LinearHash\LinearHash\Debug\link.2428.read.1.tlog
C:\Users\George\Dropbox\Spring 2016\Data Structures\LinearHash\LinearHash\Debug\link.2428.write.1.tlog
C:\Users\George\Dropbox\Spring 2016\Data Structures\LinearHash\LinearHash\Debug\link.2480-cvtres.read.1.tlog
C:\Users\George\Dropbox\Spring 2016\Data Structures\LinearHash\LinearHash\Debug\link.2480-cvtres.write.1.tlog
C:\Users\George\Dropbox\Spring 2016\Data Structures\LinearHash\LinearHash\Debug\link.2480-rc.read.1.tlog
C:\Users\George\Dropbox\Spring 2016\Data Structures\LinearHash\LinearHash\Debug\link.2480-rc.write.1.tlog
C:\Users\George\Dropbox\Spring 2016\Data Structures\LinearHash\LinearHash\Debug\link.2480.read.1.tlog
C:\Users\George\Dropbox\Spring 2016\Data Structures\LinearHash\LinearHash\Debug\link.2480.write.1.tlog
C:\Users\George\Dropbox\Spring 2016\Data Structures\LinearHash\LinearHash\Debug\link.2492-cvtres.read.1.tlog
C:\Users\George\Dropbox\Spring 2016\Data Structures\LinearHash\LinearHash\Debug\link.2492-cvtres.write.1.tlog
C:\Users\George\Dropbox\Spring 2016\Data Structures\LinearHash\LinearHash\Debug\link.2492-rc.read.1.tlog
C:\Users\George\Dropbox\Spring 2016\Data Structures\LinearHash\LinearHash\Debug\link.2492-rc.write.1.tlog
C:\Users\George\Dropbox\Spring 2016\Data Structures\LinearHash\LinearHash\Debug\link.2492.read.1.tlog
C:\Users\George\Dropbox\Spring 2016\Data Structures\LinearHash\LinearHash\Debug\link.2492.write.1.tlog
C:\Users\George\Dropbox\Spring 2016\Data Structures\LinearHash\LinearHash\Debug\link.3680-cvtres.read.1.tlog
C:\Users\George\Dropbox\Spring 2016\Data Structures\LinearHash\LinearHash\Debug\link.3680-cvtres.write.1.tlog
C:\Users\George\Dropbox\Spring 2016\Data Structures\LinearHash\LinearHash\Debug\link.3680-rc.read.1.tlog
C:\Users\George\Dropbox\Spring 2016\Data Structures\LinearHash\LinearHash\Debug\link.3680-rc.write.1.tlog
C:\Users\George\Dropbox\Spring 2016\Data Structures\LinearHash\LinearHash\Debug\link.3680.read.1.tlog
C:\Users\George\Dropbox\Spring 2016\Data Structures\LinearHash\LinearHash\Debug\link.3680.write.1.tlog
C:\Users\George\Dropbox\Spring 2016\Data Structures\LinearHash\LinearHash\Debug\link.4340-cvtres.read.1.tlog
C:\Users\George\Dropbox\Spring 2016\Data Structures\LinearHash\LinearHash\Debug\link.4340-cvtres.write.1.tlog
C:\Users\George\Dropbox\Spring 2016\Data Structures\LinearHash\LinearHash\Debug\link.4340-rc.read.1.tlog
C:\Users\George\Dropbox\Spring 2016\Data Structures\LinearHash\LinearHash\Debug\link.4340-rc.write.1.tlog
C:\Users\George\Dropbox\Spring 2016\Data Structures\LinearHash\LinearHash\Debug\link.4340.read.1.tlog
C:\Users\George\Dropbox\Spring 2016\Data Structures\LinearHash\LinearHash\Debug\link.4340.write.1.tlog
C:\Users\George\Dropbox\Spring 2016\Data Structures\LinearHash\LinearHash\Debug\link.4484-cvtres.read.1.tlog
C:\Users\George\Dropbox\Spring 2016\Data Structures\LinearHash\LinearHash\Debug\link.4484-cvtres.write.1.tlog
C:\Users\George\Dropbox\Spring 2016\Data Structures\LinearHash\LinearHash\Debug\link.4484-rc.read.1.tlog
C:\Users\George\Dropbox\Spring 2016\Data Structures\LinearHash\LinearHash\Debug\link.4484-rc.write.1.tlog
C:\Users\George\Dropbox\Spring 2016\Data Structures\LinearHash\LinearHash\Debug\link.4484.read.1.tlog
C:\Users\George\Dropbox\Spring 2016\Data Structures\LinearHash\LinearHash\Debug\link.4484.write.1.tlog
C:\Users\George\Dropbox\Spring 2016\Data Structures\LinearHash\LinearHash\Debug\link.4512-cvtres.read.1.tlog
C:\Users\George\Dropbox\Spring 2016\Data Structures\LinearHash\LinearHash\Debug\link.4512-cvtres.write.1.tlog
C:\Users\George\Dropbox\Spring 2016\Data Structures\LinearHash\LinearHash\Debug\link.4512-rc.read.1.tlog
C:\Users\George\Dropbox\Spring 2016\Data Structures\LinearHash\LinearHash\Debug\link.4512-rc.write.1.tlog
C:\Users\George\Dropbox\Spring 2016\Data Structures\LinearHash\LinearHash\Debug\link.4512.read.1.tlog
C:\Users\George\Dropbox\Spring 2016\Data Structures\LinearHash\LinearHash\Debug\link.4512.write.1.tlog
C:\Users\George\Dropbox\Spring 2016\Data Structures\LinearHash\LinearHash\Debug\link.4864-cvtres.read.1.tlog
C:\Users\George\Dropbox\Spring 2016\Data Structures\LinearHash\LinearHash\Debug\link.4864-cvtres.write.1.tlog
C:\Users\George\Dropbox\Spring 2016\Data Structures\LinearHash\LinearHash\Debug\link.4864-rc.read.1.tlog
C:\Users\George\Dropbox\Spring 2016\Data Structures\LinearHash\LinearHash\Debug\link.4864-rc.write.1.tlog
C:\Users\George\Dropbox\Spring 2016\Data Structures\LinearHash\LinearHash\Debug\link.4864.read.1.tlog
C:\Users\George\Dropbox\Spring 2016\Data Structures\LinearHash\LinearHash\Debug\link.4864.write.1.tlog
C:\Users\George\Dropbox\Spring 2016\Data Structures\LinearHash\LinearHash\Debug\link.5184-cvtres.read.1.tlog
C:\Users\George\Dropbox\Spring 2016\Data Structures\LinearHash\LinearHash\Debug\link.5184-cvtres.write.1.tlog
C:\Users\George\Dropbox\Spring 2016\Data Structures\LinearHash\LinearHash\Debug\link.5184-rc.read.1.tlog
C:\Users\George\Dropbox\Spring 2016\Data Structures\LinearHash\LinearHash\Debug\link.5184-rc.write.1.tlog
C:\Users\George\Dropbox\Spring 2016\Data Structures\LinearHash\LinearHash\Debug\link.5184.read.1.tlog
C:\Users\George\Dropbox\Spring 2016\Data Structures\LinearHash\LinearHash\Debug\link.5184.write.1.tlog
C:\Users\George\Dropbox\Spring 2016\Data Structures\LinearHash\LinearHash\Debug\link.5296-cvtres.read.1.tlog
C:\Users\George\Dropbox\Spring 2016\Data Structures\LinearHash\LinearHash\Debug\link.5296-cvtres.write.1.tlog
C:\Users\George\Dropbox\Spring 2016\Data Structures\LinearHash\LinearHash\Debug\link.5296-rc.read.1.tlog
C:\Users\George\Dropbox\Spring 2016\Data Structures\LinearHash\LinearHash\Debug\link.5296-rc.write.1.tlog
C:\Users\George\Dropbox\Spring 2016\Data Structures\LinearHash\LinearHash\Debug\link.5296.read.1.tlog
C:\Users\George\Dropbox\Spring 2016\Data Structures\LinearHash\LinearHash\Debug\link.5296.write.1.tlog
C:\Users\George\Dropbox\Spring 2016\Data Structures\LinearHash\LinearHash\Debug\link.5680-cvtres.read.1.tlog
C:\Users\George\Dropbox\Spring 2016\Data Structures\LinearHash\LinearHash\Debug\link.5680-cvtres.write.1.tlog
C:\Users\George\Dropbox\Spring 2016\Data Structures\LinearHash\LinearHash\Debug\link.5680-rc.read.1.tlog
C:\Users\George\Dropbox\Spring 2016\Data Structures\LinearHash\LinearHash\Debug\link.5680-rc.write.1.tlog
C:\Users\George\Dropbox\Spring 2016\Data Structures\LinearHash\LinearHash\Debug\link.5680.read.1.tlog
C:\Users\George\Dropbox\Spring 2016\Data Structures\LinearHash\LinearHash\Debug\link.5680.write.1.tlog
C:\Users\George\Dropbox\Spring 2016\Data Structures\LinearHash\LinearHash\Debug\link.5724-cvtres.read.1.tlog
C:\Users\George\Dropbox\Spring 2016\Data Structures\LinearHash\LinearHash\Debug\link.5724-cvtres.write.1.tlog
C:\Users\George\Dropbox\Spring 2016\Data Structures\LinearHash\LinearHash\Debug\link.5724-rc.read.1.tlog
C:\Users\George\Dropbox\Spring 2016\Data Structures\LinearHash\LinearHash\Debug\link.5724-rc.write.1.tlog
C:\Users\George\Dropbox\Spring 2016\Data Structures\LinearHash\LinearHash\Debug\link.5724.read.1.tlog
C:\Users\George\Dropbox\Spring 2016\Data Structures\LinearHash\LinearHash\Debug\link.5724.write.1.tlog
C:\Users\George\Dropbox\Spring 2016\Data Structures\LinearHash\LinearHash\Debug\link.6264-cvtres.read.1.tlog
C:\Users\George\Dropbox\Spring 2016\Data Structures\LinearHash\LinearHash\Debug\link.6264-cvtres.write.1.tlog
C:\Users\George\Dropbox\Spring 2016\Data Structures\LinearHash\LinearHash\Debug\link.6264-rc.read.1.tlog
C:\Users\George\Dropbox\Spring 2016\Data Structures\LinearHash\LinearHash\Debug\link.6264-rc.write.1.tlog
C:\Users\George\Dropbox\Spring 2016\Data Structures\LinearHash\LinearHash\Debug\link.6264.read.1.tlog
C:\Users\George\Dropbox\Spring 2016\Data Structures\LinearHash\LinearHash\Debug\link.6264.write.1.tlog
C:\Users\George\Dropbox\Spring 2016\Data Structures\LinearHash\LinearHash\Debug\link.708-cvtres.read.1.tlog
C:\Users\George\Dropbox\Spring 2016\Data Structures\LinearHash\LinearHash\Debug\link.708-cvtres.write.1.tlog
C:\Users\George\Dropbox\Spring 2016\Data Structures\LinearHash\LinearHash\Debug\link.708-rc.read.1.tlog
C:\Users\George\Dropbox\Spring 2016\Data Structures\LinearHash\LinearHash\Debug\link.708-rc.write.1.tlog
C:\Users\George\Dropbox\Spring 2016\Data Structures\LinearHash\LinearHash\Debug\link.708.read.1.tlog
C:\Users\George\Dropbox\Spring 2016\Data Structures\LinearHash\LinearHash\Debug\link.708.write.1.tlog
C:\Users\George\Dropbox\Spring 2016\Data Structures\LinearHash\LinearHash\Debug\link.7176-cvtres.read.1.tlog
C:\Users\George\Dropbox\Spring 2016\Data Structures\LinearHash\LinearHash\Debug\link.7176-cvtres.write.1.tlog
C:\Users\George\Dropbox\Spring 2016\Data Structures\LinearHash\LinearHash\Debug\link.7176-rc.read.1.tlog
C:\Users\George\Dropbox\Spring 2016\Data Structures\LinearHash\LinearHash\Debug\link.7176-rc.write.1.tlog
C:\Users\George\Dropbox\Spring 2016\Data Structures\LinearHash\LinearHash\Debug\link.7176.read.1.tlog
C:\Users\George\Dropbox\Spring 2016\Data Structures\LinearHash\LinearHash\Debug\link.7176.write.1.tlog
C:\Users\George\Dropbox\Spring 2016\Data Structures\LinearHash\LinearHash\Debug\link.7292-cvtres.read.1.tlog
C:\Users\George\Dropbox\Spring 2016\Data Structures\LinearHash\LinearHash\Debug\link.7292-cvtres.write.1.tlog
C:\Users\George\Dropbox\Spring 2016\Data Structures\LinearHash\LinearHash\Debug\link.7292-rc.read.1.tlog
C:\Users\George\Dropbox\Spring 2016\Data Structures\LinearHash\LinearHash\Debug\link.7292-rc.write.1.tlog
C:\Users\George\Dropbox\Spring 2016\Data Structures\LinearHash\LinearHash\Debug\link.7292.read.1.tlog
C:\Users\George\Dropbox\Spring 2016\Data Structures\LinearHash\LinearHash\Debug\link.7292.write.1.tlog
C:\Users\George\Dropbox\Spring 2016\Data Structures\LinearHash\LinearHash\Debug\link.7416-cvtres.read.1.tlog
C:\Users\George\Dropbox\Spring 2016\Data Structures\LinearHash\LinearHash\Debug\link.7416-cvtres.write.1.tlog
C:\Users\George\Dropbox\Spring 2016\Data Structures\LinearHash\LinearHash\Debug\link.7416-rc.read.1.tlog
C:\Users\George\Dropbox\Spring 2016\Data Structures\LinearHash\LinearHash\Debug\link.7416-rc.write.1.tlog
C:\Users\George\Dropbox\Spring 2016\Data Structures\LinearHash\LinearHash\Debug\link.7416.read.1.tlog
C:\Users\George\Dropbox\Spring 2016\Data Structures\LinearHash\LinearHash\Debug\link.7416.write.1.tlog
C:\Users\George\Dropbox\Spring 2016\Data Structures\LinearHash\LinearHash\Debug\link.7448-cvtres.read.1.tlog
C:\Users\George\Dropbox\Spring 2016\Data Structures\LinearHash\LinearHash\Debug\link.7448-cvtres.write.1.tlog
C:\Users\George\Dropbox\Spring 2016\Data Structures\LinearHash\LinearHash\Debug\link.7448-rc.read.1.tlog
C:\Users\George\Dropbox\Spring 2016\Data Structures\LinearHash\LinearHash\Debug\link.7448-rc.write.1.tlog
C:\Users\George\Dropbox\Spring 2016\Data Structures\LinearHash\LinearHash\Debug\link.7448.read.1.tlog
C:\Users\George\Dropbox\Spring 2016\Data Structures\LinearHash\LinearHash\Debug\link.7448.write.1.tlog
C:\Users\George\Dropbox\Spring 2016\Data Structures\LinearHash\LinearHash\Debug\link.7864-cvtres.read.1.tlog
C:\Users\George\Dropbox\Spring 2016\Data Structures\LinearHash\LinearHash\Debug\link.7864-cvtres.write.1.tlog
C:\Users\George\Dropbox\Spring 2016\Data Structures\LinearHash\LinearHash\Debug\link.7864-rc.read.1.tlog
C:\Users\George\Dropbox\Spring 2016\Data Structures\LinearHash\LinearHash\Debug\link.7864-rc.write.1.tlog
C:\Users\George\Dropbox\Spring 2016\Data Structures\LinearHash\LinearHash\Debug\link.7864.read.1.tlog
C:\Users\George\Dropbox\Spring 2016\Data Structures\LinearHash\LinearHash\Debug\link.7864.write.1.tlog
C:\Users\George\Dropbox\Spring 2016\Data Structures\LinearHash\LinearHash\Debug\link.804-cvtres.read.1.tlog
C:\Users\George\Dropbox\Spring 2016\Data Structures\LinearHash\LinearHash\Debug\link.804-cvtres.write.1.tlog
C:\Users\George\Dropbox\Spring 2016\Data Structures\LinearHash\LinearHash\Debug\link.804-rc.read.1.tlog
C:\Users\George\Dropbox\Spring 2016\Data Structures\LinearHash\LinearHash\Debug\link.804-rc.write.1.tlog
C:\Users\George\Dropbox\Spring 2016\Data Structures\LinearHash\LinearHash\Debug\link.804.read.1.tlog
C:\Users\George\Dropbox\Spring 2016\Data Structures\LinearHash\LinearHash\Debug\link.804.write.1.tlog
C:\Users\George\Dropbox\Spring 2016\Data Structures\LinearHash\LinearHash\Debug\link.8316-cvtres.read.1.tlog
C:\Users\George\Dropbox\Spring 2016\Data Structures\LinearHash\LinearHash\Debug\link.8316-cvtres.write.1.tlog
C:\Users\George\Dropbox\Spring 2016\Data Structures\LinearHash\LinearHash\Debug\link.8316-rc.read.1.tlog
C:\Users\George\Dropbox\Spring 2016\Data Structures\LinearHash\LinearHash\Debug\link.8316-rc.write.1.tlog
C:\Users\George\Dropbox\Spring 2016\Data Structures\LinearHash\LinearHash\Debug\link.8316.read.1.tlog
C:\Users\George\Dropbox\Spring 2016\Data Structures\LinearHash\LinearHash\Debug\link.8316.write.1.tlog
C:\Users\George\Dropbox\Spring 2016\Data Structures\LinearHash\LinearHash\Debug\link.8544-cvtres.read.1.tlog
C:\Users\George\Dropbox\Spring 2016\Data Structures\LinearHash\LinearHash\Debug\link.8544-cvtres.write.1.tlog
C:\Users\George\Dropbox\Spring 2016\Data Structures\LinearHash\LinearHash\Debug\link.8544-rc.read.1.tlog
C:\Users\George\Dropbox\Spring 2016\Data Structures\LinearHash\LinearHash\Debug\link.8544-rc.write.1.tlog
C:\Users\George\Dropbox\Spring 2016\Data Structures\LinearHash\LinearHash\Debug\link.8544.read.1.tlog
C:\Users\George\Dropbox\Spring 2016\Data Structures\LinearHash\LinearHash\Debug\link.8544.write.1.tlog
C:\Users\George\Dropbox\Spring 2016\Data Structures\LinearHash\LinearHash\Debug\link.8548-cvtres.read.1.tlog
C:\Users\George\Dropbox\Spring 2016\Data Structures\LinearHash\LinearHash\Debug\link.8548-cvtres.write.1.tlog
C:\Users\George\Dropbox\Spring 2016\Data Structures\LinearHash\LinearHash\Debug\link.8548-rc.read.1.tlog
C:\Users\George\Dropbox\Spring 2016\Data Structures\LinearHash\LinearHash\Debug\link.8548-rc.write.1.tlog
C:\Users\George\Dropbox\Spring 2016\Data Structures\LinearHash\LinearHash\Debug\link.8548.read.1.tlog
C:\Users\George\Dropbox\Spring 2016\Data Structures\LinearHash\LinearHash\Debug\link.8548.write.1.tlog
C:\Users\George\Dropbox\Spring 2016\Data Structures\LinearHash\LinearHash\Debug\link.8664-cvtres.read.1.tlog
C:\Users\George\Dropbox\Spring 2016\Data Structures\LinearHash\LinearHash\Debug\link.8664-cvtres.write.1.tlog
C:\Users\George\Dropbox\Spring 2016\Data Structures\LinearHash\LinearHash\Debug\link.8664-rc.read.1.tlog
C:\Users\George\Dropbox\Spring 2016\Data Structures\LinearHash\LinearHash\Debug\link.8664-rc.write.1.tlog
C:\Users\George\Dropbox\Spring 2016\Data Structures\LinearHash\LinearHash\Debug\link.8664.read.1.tlog
C:\Users\George\Dropbox\Spring 2016\Data Structures\LinearHash\LinearHash\Debug\link.8664.write.1.tlog
C:\Users\George\Dropbox\Spring 2016\Data Structures\LinearHash\LinearHash\Debug\link.9032-cvtres.read.1.tlog
C:\Users\George\Dropbox\Spring 2016\Data Structures\LinearHash\LinearHash\Debug\link.9032-cvtres.write.1.tlog
C:\Users\George\Dropbox\Spring 2016\Data Structures\LinearHash\LinearHash\Debug\link.9032-rc.read.1.tlog
C:\Users\George\Dropbox\Spring 2016\Data Structures\LinearHash\LinearHash\Debug\link.9032-rc.write.1.tlog
C:\Users\George\Dropbox\Spring 2016\Data Structures\LinearHash\LinearHash\Debug\link.9032.read.1.tlog
C:\Users\George\Dropbox\Spring 2016\Data Structures\LinearHash\LinearHash\Debug\link.9032.write.1.tlog
C:\Users\George\Dropbox\Spring 2016\Data Structures\LinearHash\LinearHash\Debug\link.9048-cvtres.read.1.tlog
C:\Users\George\Dropbox\Spring 2016\Data Structures\LinearHash\LinearHash\Debug\link.9048-cvtres.write.1.tlog
C:\Users\George\Dropbox\Spring 2016\Data Structures\LinearHash\LinearHash\Debug\link.9048-rc.read.1.tlog
C:\Users\George\Dropbox\Spring 2016\Data Structures\LinearHash\LinearHash\Debug\link.9048-rc.write.1.tlog
C:\Users\George\Dropbox\Spring 2016\Data Structures\LinearHash\LinearHash\Debug\link.9048.read.1.tlog
C:\Users\George\Dropbox\Spring 2016\Data Structures\LinearHash\LinearHash\Debug\link.9048.write.1.tlog
C:\Users\George\Dropbox\Spring 2016\Data Structures\LinearHash\LinearHash\Debug\link.9648-cvtres.read.1.tlog
C:\Users\George\Dropbox\Spring 2016\Data Structures\LinearHash\LinearHash\Debug\link.9648-cvtres.write.1.tlog
C:\Users\George\Dropbox\Spring 2016\Data Structures\LinearHash\LinearHash\Debug\link.9648-rc.read.1.tlog
C:\Users\George\Dropbox\Spring 2016\Data Structures\LinearHash\LinearHash\Debug\link.9648-rc.write.1.tlog
C:\Users\George\Dropbox\Spring 2016\Data Structures\LinearHash\LinearHash\Debug\link.9648.read.1.tlog
C:\Users\George\Dropbox\Spring 2016\Data Structures\LinearHash\LinearHash\Debug\link.9648.write.1.tlog
C:\Users\George\Dropbox\Spring 2016\Data Structures\LinearHash\LinearHash\Debug\link.command.1.tlog
C:\Users\George\Dropbox\Spring 2016\Data Structures\LinearHash\LinearHash\Debug\link.read.1.tlog
C:\Users\George\Dropbox\Spring 2016\Data Structures\LinearHash\LinearHash\Debug\link.write.1.tlog
C:\Users\George\Dropbox\Spring 2016\Data Structures\LinearHash\LinearHash\Debug\vc110.idb
C:\Users\George\Dropbox\Spring 2016\Data Structures\LinearHash\LinearHash\Debug\LinearHash.pdb
C:\Users\George\Dropbox\Spring 2016\Data Structures\LinearHash\LinearHash\Debug\vc110.pdb
C:\Users\George\Dropbox\Spring 2016\Data Structures\LinearHash\LinearHash\Debug\LinearHash.exe
